# JRE version: OpenJDK Runtime Environment Microsoft-8035246 (17.0.8+7) (build 17.0.8+7-LTS)
# Java VM: OpenJDK 64-Bit Server VM Microsoft-8035246 (17.0.8+7-LTS, mixed mode, sharing, tiered, compressed oops, compressed class ptrs, g1 gc, windows-amd64)
GC Precious Log:
 CPUs: 4 total, 4 available
 Memory: 8089M
 Large Page Support: Disabled
 NUMA Support: Disabled
 Compressed Oops: Enabled (32-bit)
 Heap Region Size: 1M
 Heap Min Capacity: 8M
 Heap Initial Capacity: 128M
 Heap Max Capacity: 2G
 Pre-touch: Disabled
 Parallel Workers: 4
 Concurrent Workers: 1
 Concurrent Refinement Workers: 4
 Periodic GC: Disabled
Heap:
 garbage-first heap   total 380928K, used 220475K [0x0000000080000000, 0x0000000100000000)
  region size 1024K, 38 young (38912K), 13 survivors (13312K)
 Metaspace       used 109682K, committed 110848K, reserved 557056K
  class space    used 15001K, committed 15552K, reserved 425984K
GC Heap History (20 events):
Event: 38.350 GC heap before
{Heap before GC invocations=48 (full 0):
 garbage-first heap   total 190464K, used 147630K [0x0000000080000000, 0x0000000100000000)
  region size 1024K, 52 young (53248K), 3 survivors (3072K)
 Metaspace       used 90491K, committed 91328K, reserved 557056K
  class space    used 12616K, committed 12992K, reserved 425984K
}
Event: 38.359 GC heap after
{Heap after GC invocations=49 (full 0):
 garbage-first heap   total 190464K, used 97857K [0x0000000080000000, 0x0000000100000000)
  region size 1024K, 4 young (4096K), 4 survivors (4096K)
 Metaspace       used 90491K, committed 91328K, reserved 557056K
  class space    used 12616K, committed 12992K, reserved 425984K
}
Event: 38.429 GC heap before
{Heap before GC invocations=49 (full 0):
 garbage-first heap   total 190464K, used 102977K [0x0000000080000000, 0x0000000100000000)
  region size 1024K, 9 young (9216K), 4 survivors (4096K)
 Metaspace       used 90826K, committed 91648K, reserved 557056K
  class space    used 12667K, committed 13056K, reserved 425984K
}
Event: 38.438 GC heap after
{Heap after GC invocations=50 (full 0):
 garbage-first heap   total 190464K, used 97794K [0x0000000080000000, 0x0000000100000000)
  region size 1024K, 1 young (1024K), 1 survivors (1024K)
 Metaspace       used 90826K, committed 91648K, reserved 557056K
  class space    used 12667K, committed 13056K, reserved 425984K
}
Event: 40.514 GC heap before
{Heap before GC invocations=50 (full 0):
 garbage-first heap   total 190464K, used 151042K [0x0000000080000000, 0x0000000100000000)
  region size 1024K, 53 young (54272K), 1 survivors (1024K)
 Metaspace       used 93375K, committed 94272K, reserved 557056K
  class space    used 13040K, committed 13504K, reserved 425984K
}
Event: 40.528 GC heap after
{Heap after GC invocations=51 (full 0):
 garbage-first heap   total 380928K, used 103188K [0x0000000080000000, 0x0000000100000000)
  region size 1024K, 6 young (6144K), 6 survivors (6144K)
 Metaspace       used 93375K, committed 94272K, reserved 557056K
  class space    used 13040K, committed 13504K, reserved 425984K
}
Event: 46.663 GC heap before
{Heap before GC invocations=51 (full 0):
 garbage-first heap   total 380928K, used 288532K [0x0000000080000000, 0x0000000100000000)
  region size 1024K, 182 young (186368K), 6 survivors (6144K)
 Metaspace       used 101979K, committed 103104K, reserved 557056K
  class space    used 14181K, committed 14720K, reserved 425984K
}
Event: 46.708 GC heap after
{Heap after GC invocations=52 (full 0):
 garbage-first heap   total 380928K, used 137702K [0x0000000080000000, 0x0000000100000000)
  region size 1024K, 23 young (23552K), 23 survivors (23552K)
 Metaspace       used 101979K, committed 103104K, reserved 557056K
  class space    used 14181K, committed 14720K, reserved 425984K
}
Event: 49.354 GC heap before
{Heap before GC invocations=52 (full 0):
 garbage-first heap   total 380928K, used 261606K [0x0000000080000000, 0x0000000100000000)
  region size 1024K, 144 young (147456K), 23 survivors (23552K)
 Metaspace       used 104842K, committed 105984K, reserved 557056K
  class space    used 14494K, committed 15040K, reserved 425984K
}
Event: 49.404 GC heap after
{Heap after GC invocations=53 (full 0):
 garbage-first heap   total 380928K, used 151928K [0x0000000080000000, 0x0000000100000000)
  region size 1024K, 14 young (14336K), 14 survivors (14336K)
 Metaspace       used 104842K, committed 105984K, reserved 557056K
  class space    used 14494K, committed 15040K, reserved 425984K
}
Event: 51.644 GC heap before
{Heap before GC invocations=53 (full 0):
 garbage-first heap   total 380928K, used 279928K [0x0000000080000000, 0x0000000100000000)
  region size 1024K, 135 young (138240K), 14 survivors (14336K)
 Metaspace       used 108013K, committed 109184K, reserved 557056K
  class space    used 14765K, committed 15360K, reserved 425984K
}
Event: 51.698 GC heap after
{Heap after GC invocations=54 (full 0):
 garbage-first heap   total 380928K, used 162816K [0x0000000080000000, 0x0000000100000000)
  region size 1024K, 10 young (10240K), 10 survivors (10240K)
 Metaspace       used 108013K, committed 109184K, reserved 557056K
  class space    used 14765K, committed 15360K, reserved 425984K
}
Event: 54.079 GC heap before
{Heap before GC invocations=54 (full 0):
 garbage-first heap   total 380928K, used 291840K [0x0000000080000000, 0x0000000100000000)
  region size 1024K, 133 young (136192K), 10 survivors (10240K)
 Metaspace       used 108544K, committed 109696K, reserved 557056K
  class space    used 14859K, committed 15424K, reserved 425984K
}
Event: 54.117 GC heap after
{Heap after GC invocations=55 (full 0):
 garbage-first heap   total 380928K, used 174592K [0x0000000080000000, 0x0000000100000000)
  region size 1024K, 11 young (11264K), 11 survivors (11264K)
 Metaspace       used 108544K, committed 109696K, reserved 557056K
  class space    used 14859K, committed 15424K, reserved 425984K
}
Event: 56.150 GC heap before
{Heap before GC invocations=55 (full 0):
 garbage-first heap   total 380928K, used 317952K [0x0000000080000000, 0x0000000100000000)
  region size 1024K, 132 young (135168K), 11 survivors (11264K)
 Metaspace       used 108766K, committed 109952K, reserved 557056K
  class space    used 14886K, committed 15424K, reserved 425984K
}
Event: 56.183 GC heap after
{Heap after GC invocations=56 (full 0):
 garbage-first heap   total 380928K, used 184292K [0x0000000080000000, 0x0000000100000000)
  region size 1024K, 10 young (10240K), 10 survivors (10240K)
 Metaspace       used 108766K, committed 109952K, reserved 557056K
  class space    used 14886K, committed 15424K, reserved 425984K
}
Event: 58.018 GC heap before
{Heap before GC invocations=56 (full 0):
 garbage-first heap   total 380928K, used 311268K [0x0000000080000000, 0x0000000100000000)
  region size 1024K, 127 young (130048K), 10 survivors (10240K)
 Metaspace       used 109187K, committed 110400K, reserved 557056K
  class space    used 14939K, committed 15488K, reserved 425984K
}
Event: 58.049 GC heap after
{Heap after GC invocations=57 (full 0):
 garbage-first heap   total 380928K, used 191347K [0x0000000080000000, 0x0000000100000000)
  region size 1024K, 7 young (7168K), 7 survivors (7168K)
 Metaspace       used 109187K, committed 110400K, reserved 557056K
  class space    used 14939K, committed 15488K, reserved 425984K
}
Event: 59.505 GC heap before
{Heap before GC invocations=57 (full 0):
 garbage-first heap   total 380928K, used 317299K [0x0000000080000000, 0x0000000100000000)
  region size 1024K, 123 young (125952K), 7 survivors (7168K)
 Metaspace       used 109251K, committed 110528K, reserved 557056K
  class space    used 14943K, committed 15552K, reserved 425984K
}
Event: 59.530 GC heap after
{Heap after GC invocations=58 (full 0):
 garbage-first heap   total 380928K, used 196923K [0x0000000080000000, 0x0000000100000000)
  region size 1024K, 13 young (13312K), 13 survivors (13312K)
 Metaspace       used 109251K, committed 110528K, reserved 557056K
  class space    used 14943K, committed 15552K, reserved 425984K
}

