# JRE version: OpenJDK Runtime Environment Microsoft-8035246 (17.0.8+7) (build 17.0.8+7-LTS)
# Java VM: OpenJDK 64-Bit Server VM Microsoft-8035246 (17.0.8+7-LTS, mixed mode, sharing, tiered, compressed oops, compressed class ptrs, g1 gc, windows-amd64)
GC Precious Log:
 CPUs: 4 total, 4 available
 Memory: 8089M
 Large Page Support: Disabled
 NUMA Support: Disabled
 Compressed Oops: Enabled (32-bit)
 Heap Region Size: 1M
 Heap Min Capacity: 8M
 Heap Initial Capacity: 128M
 Heap Max Capacity: 2G
 Pre-touch: Disabled
 Parallel Workers: 4
 Concurrent Workers: 1
 Concurrent Refinement Workers: 4
 Periodic GC: Disabled
Heap:
 garbage-first heap   total 452608K, used 221665K [0x0000000080000000, 0x0000000100000000)
  region size 1024K, 56 young (57344K), 12 survivors (12288K)
 Metaspace       used 103780K, committed 104960K, reserved 557056K
  class space    used 14293K, committed 14848K, reserved 425984K
GC Heap History (20 events):
Event: 28.406 GC heap before
{Heap before GC invocations=28 (full 0):
 garbage-first heap   total 219136K, used 174893K [0x0000000080000000, 0x0000000100000000)
  region size 1024K, 88 young (90112K), 9 survivors (9216K)
 Metaspace       used 87494K, committed 88320K, reserved 557056K
  class space    used 12273K, committed 12672K, reserved 425984K
}
Event: 28.427 GC heap after
{Heap after GC invocations=29 (full 0):
 garbage-first heap   total 219136K, used 98751K [0x0000000080000000, 0x0000000100000000)
  region size 1024K, 9 young (9216K), 9 survivors (9216K)
 Metaspace       used 87494K, committed 88320K, reserved 557056K
  class space    used 12273K, committed 12672K, reserved 425984K
}
Event: 30.582 GC heap before
{Heap before GC invocations=29 (full 0):
 garbage-first heap   total 219136K, used 175551K [0x0000000080000000, 0x0000000100000000)
  region size 1024K, 84 young (86016K), 9 survivors (9216K)
 Metaspace       used 90046K, committed 91072K, reserved 557056K
  class space    used 12642K, committed 13120K, reserved 425984K
}
Event: 30.629 GC heap after
{Heap after GC invocations=30 (full 0):
 garbage-first heap   total 219136K, used 113015K [0x0000000080000000, 0x0000000100000000)
  region size 1024K, 11 young (11264K), 11 survivors (11264K)
 Metaspace       used 90046K, committed 91072K, reserved 557056K
  class space    used 12642K, committed 13120K, reserved 425984K
}
Event: 30.674 GC heap before
{Heap before GC invocations=30 (full 0):
 garbage-first heap   total 219136K, used 113015K [0x0000000080000000, 0x0000000100000000)
  region size 1024K, 12 young (12288K), 11 survivors (11264K)
 Metaspace       used 90082K, committed 91072K, reserved 557056K
  class space    used 12649K, committed 13120K, reserved 425984K
}
Event: 30.700 GC heap after
{Heap after GC invocations=31 (full 0):
 garbage-first heap   total 219136K, used 115545K [0x0000000080000000, 0x0000000100000000)
  region size 1024K, 2 young (2048K), 2 survivors (2048K)
 Metaspace       used 90082K, committed 91072K, reserved 557056K
  class space    used 12649K, committed 13120K, reserved 425984K
}
Event: 32.049 GC heap before
{Heap before GC invocations=32 (full 0):
 garbage-first heap   total 225280K, used 179033K [0x0000000080000000, 0x0000000100000000)
  region size 1024K, 59 young (60416K), 2 survivors (2048K)
 Metaspace       used 91917K, committed 92928K, reserved 557056K
  class space    used 12847K, committed 13312K, reserved 425984K
}
Event: 32.069 GC heap after
{Heap after GC invocations=33 (full 0):
 garbage-first heap   total 225280K, used 136567K [0x0000000080000000, 0x0000000100000000)
  region size 1024K, 8 young (8192K), 8 survivors (8192K)
 Metaspace       used 91917K, committed 92928K, reserved 557056K
  class space    used 12847K, committed 13312K, reserved 425984K
}
Event: 32.125 GC heap before
{Heap before GC invocations=33 (full 0):
 garbage-first heap   total 225280K, used 139639K [0x0000000080000000, 0x0000000100000000)
  region size 1024K, 11 young (11264K), 8 survivors (8192K)
 Metaspace       used 91981K, committed 92992K, reserved 557056K
  class space    used 12855K, committed 13312K, reserved 425984K
}
Event: 32.141 GC heap after
{Heap after GC invocations=34 (full 0):
 garbage-first heap   total 225280K, used 138270K [0x0000000080000000, 0x0000000100000000)
  region size 1024K, 2 young (2048K), 2 survivors (2048K)
 Metaspace       used 91981K, committed 92992K, reserved 557056K
  class space    used 12855K, committed 13312K, reserved 425984K
}
Event: 32.786 GC heap before
{Heap before GC invocations=34 (full 0):
 garbage-first heap   total 225280K, used 180254K [0x0000000080000000, 0x0000000100000000)
  region size 1024K, 43 young (44032K), 2 survivors (2048K)
 Metaspace       used 94554K, committed 95680K, reserved 557056K
  class space    used 13213K, committed 13760K, reserved 425984K
}
Event: 32.796 GC heap after
{Heap after GC invocations=35 (full 0):
 garbage-first heap   total 225280K, used 140596K [0x0000000080000000, 0x0000000100000000)
  region size 1024K, 4 young (4096K), 4 survivors (4096K)
 Metaspace       used 94554K, committed 95680K, reserved 557056K
  class space    used 13213K, committed 13760K, reserved 425984K
}
Event: 33.824 GC heap before
{Heap before GC invocations=36 (full 0):
 garbage-first heap   total 260096K, used 183604K [0x0000000080000000, 0x0000000100000000)
  region size 1024K, 46 young (47104K), 4 survivors (4096K)
 Metaspace       used 97241K, committed 98304K, reserved 557056K
  class space    used 13603K, committed 14080K, reserved 425984K
}
Event: 33.849 GC heap after
{Heap after GC invocations=37 (full 0):
 garbage-first heap   total 260096K, used 144267K [0x0000000080000000, 0x0000000100000000)
  region size 1024K, 6 young (6144K), 6 survivors (6144K)
 Metaspace       used 97241K, committed 98304K, reserved 557056K
  class space    used 13603K, committed 14080K, reserved 425984K
}
Event: 33.961 GC heap before
{Heap before GC invocations=37 (full 0):
 garbage-first heap   total 260096K, used 150411K [0x0000000080000000, 0x0000000100000000)
  region size 1024K, 12 young (12288K), 6 survivors (6144K)
 Metaspace       used 97381K, committed 98496K, reserved 557056K
  class space    used 13624K, committed 14144K, reserved 425984K
}
Event: 33.983 GC heap after
{Heap after GC invocations=38 (full 0):
 garbage-first heap   total 452608K, used 144703K [0x0000000080000000, 0x0000000100000000)
  region size 1024K, 2 young (2048K), 2 survivors (2048K)
 Metaspace       used 97381K, committed 98496K, reserved 557056K
  class space    used 13624K, committed 14144K, reserved 425984K
}
Event: 36.422 GC heap before
{Heap before GC invocations=38 (full 0):
 garbage-first heap   total 452608K, used 310591K [0x0000000080000000, 0x0000000100000000)
  region size 1024K, 165 young (168960K), 2 survivors (2048K)
 Metaspace       used 100688K, committed 101888K, reserved 557056K
  class space    used 13970K, committed 14528K, reserved 425984K
}
Event: 36.465 GC heap after
{Heap after GC invocations=39 (full 0):
 garbage-first heap   total 452608K, used 161687K [0x0000000080000000, 0x0000000100000000)
  region size 1024K, 19 young (19456K), 19 survivors (19456K)
 Metaspace       used 100688K, committed 101888K, reserved 557056K
  class space    used 13970K, committed 14528K, reserved 425984K
}
Event: 38.889 GC heap before
{Heap before GC invocations=39 (full 0):
 garbage-first heap   total 452608K, used 330647K [0x0000000080000000, 0x0000000100000000)
  region size 1024K, 180 young (184320K), 19 survivors (19456K)
 Metaspace       used 103738K, committed 104896K, reserved 557056K
  class space    used 14293K, committed 14848K, reserved 425984K
}
Event: 38.936 GC heap after
{Heap after GC invocations=40 (full 0):
 garbage-first heap   total 452608K, used 173537K [0x0000000080000000, 0x0000000100000000)
  region size 1024K, 12 young (12288K), 12 survivors (12288K)
 Metaspace       used 103738K, committed 104896K, reserved 557056K
  class space    used 14293K, committed 14848K, reserved 425984K
}

