# JRE version: OpenJDK Runtime Environment Microsoft-8035246 (17.0.8+7) (build 17.0.8+7-LTS)
# Java VM: OpenJDK 64-Bit Server VM Microsoft-8035246 (17.0.8+7-LTS, mixed mode, sharing, tiered, compressed oops, compressed class ptrs, g1 gc, windows-amd64)
GC Precious Log:
 CPUs: 4 total, 4 available
 Memory: 8089M
 Large Page Support: Disabled
 NUMA Support: Disabled
 Compressed Oops: Enabled (32-bit)
 Heap Region Size: 1M
 Heap Min Capacity: 8M
 Heap Initial Capacity: 128M
 Heap Max Capacity: 2G
 Pre-touch: Disabled
 Parallel Workers: 4
 Concurrent Workers: 1
 Concurrent Refinement Workers: 4
 Periodic GC: Disabled
Heap:
 garbage-first heap   total 345088K, used 252265K [0x0000000080000000, 0x0000000100000000)
  region size 1024K, 97 young (99328K), 10 survivors (10240K)
 Metaspace       used 103684K, committed 104832K, reserved 557056K
  class space    used 14267K, committed 14784K, reserved 425984K
GC Heap History (20 events):
Event: 45.320 GC heap before
{Heap before GC invocations=28 (full 0):
 garbage-first heap   total 168960K, used 136329K [0x0000000080000000, 0x0000000100000000)
  region size 1024K, 55 young (56320K), 6 survivors (6144K)
 Metaspace       used 77851K, committed 78592K, reserved 557056K
  class space    used 10782K, committed 11136K, reserved 425984K
}
Event: 45.334 GC heap after
{Heap after GC invocations=29 (full 0):
 garbage-first heap   total 168960K, used 88901K [0x0000000080000000, 0x0000000100000000)
  region size 1024K, 3 young (3072K), 3 survivors (3072K)
 Metaspace       used 77851K, committed 78592K, reserved 557056K
  class space    used 10782K, committed 11136K, reserved 425984K
}
Event: 52.384 GC heap before
{Heap before GC invocations=30 (full 0):
 garbage-first heap   total 168960K, used 138053K [0x0000000080000000, 0x0000000100000000)
  region size 1024K, 51 young (52224K), 3 survivors (3072K)
 Metaspace       used 78641K, committed 79424K, reserved 557056K
  class space    used 10898K, committed 11264K, reserved 425984K
}
Event: 52.400 GC heap after
{Heap after GC invocations=31 (full 0):
 garbage-first heap   total 168960K, used 92563K [0x0000000080000000, 0x0000000100000000)
  region size 1024K, 7 young (7168K), 7 survivors (7168K)
 Metaspace       used 78641K, committed 79424K, reserved 557056K
  class space    used 10898K, committed 11264K, reserved 425984K
}
Event: 52.431 GC heap before
{Heap before GC invocations=31 (full 0):
 garbage-first heap   total 168960K, used 93587K [0x0000000080000000, 0x0000000100000000)
  region size 1024K, 8 young (8192K), 7 survivors (7168K)
 Metaspace       used 78724K, committed 79488K, reserved 557056K
  class space    used 10910K, committed 11264K, reserved 425984K
}
Event: 52.445 GC heap after
{Heap after GC invocations=32 (full 0):
 garbage-first heap   total 168960K, used 92777K [0x0000000080000000, 0x0000000100000000)
  region size 1024K, 1 young (1024K), 1 survivors (1024K)
 Metaspace       used 78724K, committed 79488K, reserved 557056K
  class space    used 10910K, committed 11264K, reserved 425984K
}
Event: 53.650 GC heap before
{Heap before GC invocations=32 (full 0):
 garbage-first heap   total 168960K, used 129641K [0x0000000080000000, 0x0000000100000000)
  region size 1024K, 38 young (38912K), 1 survivors (1024K)
 Metaspace       used 81333K, committed 82112K, reserved 557056K
  class space    used 11265K, committed 11648K, reserved 425984K
}
Event: 53.656 GC heap after
{Heap after GC invocations=33 (full 0):
 garbage-first heap   total 168960K, used 93313K [0x0000000080000000, 0x0000000100000000)
  region size 1024K, 2 young (2048K), 2 survivors (2048K)
 Metaspace       used 81333K, committed 82112K, reserved 557056K
  class space    used 11265K, committed 11648K, reserved 425984K
}
Event: 54.640 GC heap before
{Heap before GC invocations=34 (full 0):
 garbage-first heap   total 174080K, used 141441K [0x0000000080000000, 0x0000000100000000)
  region size 1024K, 48 young (49152K), 2 survivors (2048K)
 Metaspace       used 84562K, committed 85312K, reserved 557056K
  class space    used 11875K, committed 12224K, reserved 425984K
}
Event: 54.648 GC heap after
{Heap after GC invocations=35 (full 0):
 garbage-first heap   total 174080K, used 94399K [0x0000000080000000, 0x0000000100000000)
  region size 1024K, 3 young (3072K), 3 survivors (3072K)
 Metaspace       used 84562K, committed 85312K, reserved 557056K
  class space    used 11875K, committed 12224K, reserved 425984K
}
Event: 54.738 GC heap before
{Heap before GC invocations=35 (full 0):
 garbage-first heap   total 174080K, used 99519K [0x0000000080000000, 0x0000000100000000)
  region size 1024K, 8 young (8192K), 3 survivors (3072K)
 Metaspace       used 84914K, committed 85696K, reserved 557056K
  class space    used 11918K, committed 12288K, reserved 425984K
}
Event: 54.749 GC heap after
{Heap after GC invocations=36 (full 0):
 garbage-first heap   total 345088K, used 94317K [0x0000000080000000, 0x0000000100000000)
  region size 1024K, 1 young (1024K), 1 survivors (1024K)
 Metaspace       used 84914K, committed 85696K, reserved 557056K
  class space    used 11918K, committed 12288K, reserved 425984K
}
Event: 59.543 GC heap before
{Heap before GC invocations=36 (full 0):
 garbage-first heap   total 345088K, used 264301K [0x0000000080000000, 0x0000000100000000)
  region size 1024K, 161 young (164864K), 1 survivors (1024K)
 Metaspace       used 90553K, committed 91648K, reserved 557056K
  class space    used 12697K, committed 13184K, reserved 425984K
}
Event: 59.594 GC heap after
{Heap after GC invocations=37 (full 0):
 garbage-first heap   total 345088K, used 128355K [0x0000000080000000, 0x0000000100000000)
  region size 1024K, 21 young (21504K), 21 survivors (21504K)
 Metaspace       used 90553K, committed 91648K, reserved 557056K
  class space    used 12697K, committed 13184K, reserved 425984K
}
Event: 62.472 GC heap before
{Heap before GC invocations=37 (full 0):
 garbage-first heap   total 345088K, used 247139K [0x0000000080000000, 0x0000000100000000)
  region size 1024K, 138 young (141312K), 21 survivors (21504K)
 Metaspace       used 97800K, committed 98880K, reserved 557056K
  class space    used 13671K, committed 14144K, reserved 425984K
}
Event: 62.529 GC heap after
{Heap after GC invocations=38 (full 0):
 garbage-first heap   total 345088K, used 143721K [0x0000000080000000, 0x0000000100000000)
  region size 1024K, 15 young (15360K), 15 survivors (15360K)
 Metaspace       used 97800K, committed 98880K, reserved 557056K
  class space    used 13671K, committed 14144K, reserved 425984K
}
Event: 64.750 GC heap before
{Heap before GC invocations=38 (full 0):
 garbage-first heap   total 345088K, used 257385K [0x0000000080000000, 0x0000000100000000)
  region size 1024K, 126 young (129024K), 15 survivors (15360K)
 Metaspace       used 99985K, committed 101120K, reserved 557056K
  class space    used 13890K, committed 14400K, reserved 425984K
}
Event: 64.809 GC heap after
{Heap after GC invocations=39 (full 0):
 garbage-first heap   total 345088K, used 155497K [0x0000000080000000, 0x0000000100000000)
  region size 1024K, 13 young (13312K), 13 survivors (13312K)
 Metaspace       used 99985K, committed 101120K, reserved 557056K
  class space    used 13890K, committed 14400K, reserved 425984K
}
Event: 67.222 GC heap before
{Heap before GC invocations=39 (full 0):
 garbage-first heap   total 345088K, used 269161K [0x0000000080000000, 0x0000000100000000)
  region size 1024K, 120 young (122880K), 13 survivors (13312K)
 Metaspace       used 103040K, committed 104256K, reserved 557056K
  class space    used 14168K, committed 14720K, reserved 425984K
}
Event: 67.292 GC heap after
{Heap after GC invocations=40 (full 0):
 garbage-first heap   total 345088K, used 165225K [0x0000000080000000, 0x0000000100000000)
  region size 1024K, 10 young (10240K), 10 survivors (10240K)
 Metaspace       used 103040K, committed 104256K, reserved 557056K
  class space    used 14168K, committed 14720K, reserved 425984K
}

