# JRE version: OpenJDK Runtime Environment Microsoft-8035246 (17.0.8+7) (build 17.0.8+7-LTS)
# Java VM: OpenJDK 64-Bit Server VM Microsoft-8035246 (17.0.8+7-LTS, mixed mode, sharing, tiered, compressed oops, compressed class ptrs, g1 gc, windows-amd64)
GC Precious Log:
 CPUs: 4 total, 4 available
 Memory: 8089M
 Large Page Support: Disabled
 NUMA Support: Disabled
 Compressed Oops: Enabled (32-bit)
 Heap Region Size: 1M
 Heap Min Capacity: 8M
 Heap Initial Capacity: 128M
 Heap Max Capacity: 2G
 Pre-touch: Disabled
 Parallel Workers: 4
 Concurrent Workers: 1
 Concurrent Refinement Workers: 4
 Periodic GC: Disabled
Heap:
 garbage-first heap   total 342016K, used 194190K [0x0000000080000000, 0x0000000100000000)
  region size 1024K, 16 young (16384K), 2 survivors (2048K)
 Metaspace       used 103968K, committed 105152K, reserved 557056K
  class space    used 14299K, committed 14848K, reserved 425984K
GC Heap History (20 events):
Event: 48.922 GC heap before
{Heap before GC invocations=40 (full 0):
 garbage-first heap   total 171008K, used 137487K [0x0000000080000000, 0x0000000100000000)
  region size 1024K, 46 young (47104K), 1 survivors (1024K)
 Metaspace       used 80587K, committed 81344K, reserved 557056K
  class space    used 11167K, committed 11520K, reserved 425984K
}
Event: 48.935 GC heap after
{Heap after GC invocations=41 (full 0):
 garbage-first heap   total 342016K, used 93730K [0x0000000080000000, 0x0000000100000000)
  region size 1024K, 3 young (3072K), 3 survivors (3072K)
 Metaspace       used 80587K, committed 81344K, reserved 557056K
  class space    used 11167K, committed 11520K, reserved 425984K
}
Event: 52.805 GC heap before
{Heap before GC invocations=42 (full 0):
 garbage-first heap   total 342016K, used 236066K [0x0000000080000000, 0x0000000100000000)
  region size 1024K, 142 young (145408K), 3 survivors (3072K)
 Metaspace       used 88951K, committed 89920K, reserved 557056K
  class space    used 12538K, committed 12992K, reserved 425984K
}
Event: 52.843 GC heap after
{Heap after GC invocations=43 (full 0):
 garbage-first heap   total 342016K, used 103558K [0x0000000080000000, 0x0000000100000000)
  region size 1024K, 13 young (13312K), 13 survivors (13312K)
 Metaspace       used 88951K, committed 89920K, reserved 557056K
  class space    used 12538K, committed 12992K, reserved 425984K
}
Event: 52.961 GC heap before
{Heap before GC invocations=43 (full 0):
 garbage-first heap   total 342016K, used 106630K [0x0000000080000000, 0x0000000100000000)
  region size 1024K, 16 young (16384K), 13 survivors (13312K)
 Metaspace       used 89026K, committed 89984K, reserved 557056K
  class space    used 12547K, committed 12992K, reserved 425984K
}
Event: 52.990 GC heap after
{Heap after GC invocations=44 (full 0):
 garbage-first heap   total 342016K, used 105214K [0x0000000080000000, 0x0000000100000000)
  region size 1024K, 2 young (2048K), 2 survivors (2048K)
 Metaspace       used 89026K, committed 89984K, reserved 557056K
  class space    used 12547K, committed 12992K, reserved 425984K
}
Event: 57.053 GC heap before
{Heap before GC invocations=44 (full 0):
 garbage-first heap   total 342016K, used 272126K [0x0000000080000000, 0x0000000100000000)
  region size 1024K, 160 young (163840K), 2 survivors (2048K)
 Metaspace       used 95945K, committed 97024K, reserved 557056K
  class space    used 13433K, committed 13952K, reserved 425984K
}
Event: 57.122 GC heap after
{Heap after GC invocations=45 (full 0):
 garbage-first heap   total 342016K, used 139056K [0x0000000080000000, 0x0000000100000000)
  region size 1024K, 20 young (20480K), 20 survivors (20480K)
 Metaspace       used 95945K, committed 97024K, reserved 557056K
  class space    used 13433K, committed 13952K, reserved 425984K
}
Event: 60.313 GC heap before
{Heap before GC invocations=45 (full 0):
 garbage-first heap   total 342016K, used 259888K [0x0000000080000000, 0x0000000100000000)
  region size 1024K, 138 young (141312K), 20 survivors (20480K)
 Metaspace       used 99843K, committed 100928K, reserved 557056K
  class space    used 13884K, committed 14400K, reserved 425984K
}
Event: 60.371 GC heap after
{Heap after GC invocations=46 (full 0):
 garbage-first heap   total 342016K, used 152842K [0x0000000080000000, 0x0000000100000000)
  region size 1024K, 14 young (14336K), 14 survivors (14336K)
 Metaspace       used 99843K, committed 100928K, reserved 557056K
  class space    used 13884K, committed 14400K, reserved 425984K
}
Event: 63.634 GC heap before
{Heap before GC invocations=46 (full 0):
 garbage-first heap   total 342016K, used 269578K [0x0000000080000000, 0x0000000100000000)
  region size 1024K, 124 young (126976K), 14 survivors (14336K)
 Metaspace       used 102910K, committed 104064K, reserved 557056K
  class space    used 14173K, committed 14720K, reserved 425984K
}
Event: 63.714 GC heap after
{Heap after GC invocations=47 (full 0):
 garbage-first heap   total 342016K, used 164656K [0x0000000080000000, 0x0000000100000000)
  region size 1024K, 12 young (12288K), 12 survivors (12288K)
 Metaspace       used 102910K, committed 104064K, reserved 557056K
  class space    used 14173K, committed 14720K, reserved 425984K
}
Event: 66.097 GC heap before
{Heap before GC invocations=47 (full 0):
 garbage-first heap   total 342016K, used 269104K [0x0000000080000000, 0x0000000100000000)
  region size 1024K, 115 young (117760K), 12 survivors (12288K)
 Metaspace       used 103723K, committed 104832K, reserved 557056K
  class space    used 14273K, committed 14784K, reserved 425984K
}
Event: 66.145 GC heap after
{Heap after GC invocations=48 (full 0):
 garbage-first heap   total 342016K, used 171824K [0x0000000080000000, 0x0000000100000000)
  region size 1024K, 8 young (8192K), 8 survivors (8192K)
 Metaspace       used 103723K, committed 104832K, reserved 557056K
  class space    used 14273K, committed 14784K, reserved 425984K
}
Event: 66.636 GC heap before
{Heap before GC invocations=48 (full 0):
 garbage-first heap   total 342016K, used 187184K [0x0000000080000000, 0x0000000100000000)
  region size 1024K, 24 young (24576K), 8 survivors (8192K)
 Metaspace       used 103724K, committed 104832K, reserved 557056K
  class space    used 14273K, committed 14784K, reserved 425984K
}
Event: 66.659 GC heap after
{Heap after GC invocations=49 (full 0):
 garbage-first heap   total 342016K, used 172162K [0x0000000080000000, 0x0000000100000000)
  region size 1024K, 8 young (8192K), 8 survivors (8192K)
 Metaspace       used 103724K, committed 104832K, reserved 557056K
  class space    used 14273K, committed 14784K, reserved 425984K
}
Event: 72.676 GC heap before
{Heap before GC invocations=50 (full 0):
 garbage-first heap   total 342016K, used 290946K [0x0000000080000000, 0x0000000100000000)
  region size 1024K, 111 young (113664K), 8 survivors (8192K)
 Metaspace       used 103925K, committed 105088K, reserved 557056K
  class space    used 14290K, committed 14848K, reserved 425984K
}
Event: 72.709 GC heap after
{Heap after GC invocations=51 (full 0):
 garbage-first heap   total 342016K, used 182786K [0x0000000080000000, 0x0000000100000000)
  region size 1024K, 10 young (10240K), 10 survivors (10240K)
 Metaspace       used 103925K, committed 105088K, reserved 557056K
  class space    used 14290K, committed 14848K, reserved 425984K
}
Event: 72.808 GC heap before
{Heap before GC invocations=51 (full 0):
 garbage-first heap   total 342016K, used 189954K [0x0000000080000000, 0x0000000100000000)
  region size 1024K, 16 young (16384K), 10 survivors (10240K)
 Metaspace       used 103925K, committed 105088K, reserved 557056K
  class space    used 14290K, committed 14848K, reserved 425984K
}
Event: 72.829 GC heap after
{Heap after GC invocations=52 (full 0):
 garbage-first heap   total 342016K, used 180878K [0x0000000080000000, 0x0000000100000000)
  region size 1024K, 2 young (2048K), 2 survivors (2048K)
 Metaspace       used 103925K, committed 105088K, reserved 557056K
  class space    used 14290K, committed 14848K, reserved 425984K
}

