# JRE version: OpenJDK Runtime Environment Microsoft-8035246 (17.0.8+7) (build 17.0.8+7-LTS)
# Java VM: OpenJDK 64-Bit Server VM Microsoft-8035246 (17.0.8+7-LTS, mixed mode, sharing, tiered, compressed oops, compressed class ptrs, g1 gc, windows-amd64)
GC Precious Log:
 CPUs: 4 total, 4 available
 Memory: 8089M
 Large Page Support: Disabled
 NUMA Support: Disabled
 Compressed Oops: Enabled (32-bit)
 Heap Region Size: 1M
 Heap Min Capacity: 8M
 Heap Initial Capacity: 128M
 Heap Max Capacity: 2G
 Pre-touch: Disabled
 Parallel Workers: 4
 Concurrent Workers: 1
 Concurrent Refinement Workers: 4
 Periodic GC: Disabled
Heap:
 garbage-first heap   total 275456K, used 191988K [0x0000000080000000, 0x0000000100000000)
  region size 1024K, 24 young (24576K), 8 survivors (8192K)
 Metaspace       used 103846K, committed 105024K, reserved 557056K
  class space    used 14274K, committed 14784K, reserved 425984K
GC Heap History (20 events):
Event: 30.524 GC heap before
{Heap before GC invocations=40 (full 0):
 garbage-first heap   total 173056K, used 93984K [0x0000000080000000, 0x0000000100000000)
  region size 1024K, 8 young (8192K), 5 survivors (5120K)
 Metaspace       used 77924K, committed 78656K, reserved 557056K
  class space    used 10793K, committed 11136K, reserved 425984K
}
Event: 30.537 GC heap after
{Heap after GC invocations=41 (full 0):
 garbage-first heap   total 275456K, used 91383K [0x0000000080000000, 0x0000000100000000)
  region size 1024K, 1 young (1024K), 1 survivors (1024K)
 Metaspace       used 77924K, committed 78656K, reserved 557056K
  class space    used 10793K, committed 11136K, reserved 425984K
}
Event: 36.114 GC heap before
{Heap before GC invocations=41 (full 0):
 garbage-first heap   total 275456K, used 199927K [0x0000000080000000, 0x0000000100000000)
  region size 1024K, 107 young (109568K), 1 survivors (1024K)
 Metaspace       used 84469K, committed 85184K, reserved 557056K
  class space    used 11866K, committed 12224K, reserved 425984K
}
Event: 36.123 GC heap after
{Heap after GC invocations=42 (full 0):
 garbage-first heap   total 275456K, used 95346K [0x0000000080000000, 0x0000000100000000)
  region size 1024K, 5 young (5120K), 5 survivors (5120K)
 Metaspace       used 84469K, committed 85184K, reserved 557056K
  class space    used 11866K, committed 12224K, reserved 425984K
}
Event: 40.498 GC heap before
{Heap before GC invocations=42 (full 0):
 garbage-first heap   total 275456K, used 211058K [0x0000000080000000, 0x0000000100000000)
  region size 1024K, 118 young (120832K), 5 survivors (5120K)
 Metaspace       used 89758K, committed 90816K, reserved 557056K
  class space    used 12631K, committed 13120K, reserved 425984K
}
Event: 40.532 GC heap after
{Heap after GC invocations=43 (full 0):
 garbage-first heap   total 275456K, used 111992K [0x0000000080000000, 0x0000000100000000)
  region size 1024K, 15 young (15360K), 15 survivors (15360K)
 Metaspace       used 89758K, committed 90816K, reserved 557056K
  class space    used 12631K, committed 13120K, reserved 425984K
}
Event: 43.315 GC heap before
{Heap before GC invocations=43 (full 0):
 garbage-first heap   total 275456K, used 214392K [0x0000000080000000, 0x0000000100000000)
  region size 1024K, 110 young (112640K), 15 survivors (15360K)
 Metaspace       used 92792K, committed 93888K, reserved 557056K
  class space    used 12935K, committed 13376K, reserved 425984K
}
Event: 43.369 GC heap after
{Heap after GC invocations=44 (full 0):
 garbage-first heap   total 275456K, used 139193K [0x0000000080000000, 0x0000000100000000)
  region size 1024K, 14 young (14336K), 14 survivors (14336K)
 Metaspace       used 92792K, committed 93888K, reserved 557056K
  class space    used 12935K, committed 13376K, reserved 425984K
}
Event: 45.857 GC heap before
{Heap before GC invocations=44 (full 0):
 garbage-first heap   total 275456K, used 210873K [0x0000000080000000, 0x0000000100000000)
  region size 1024K, 84 young (86016K), 14 survivors (14336K)
 Metaspace       used 97403K, committed 98496K, reserved 557056K
  class space    used 13607K, committed 14080K, reserved 425984K
}
Event: 45.886 GC heap after
{Heap after GC invocations=45 (full 0):
 garbage-first heap   total 275456K, used 147456K [0x0000000080000000, 0x0000000100000000)
  region size 1024K, 7 young (7168K), 7 survivors (7168K)
 Metaspace       used 97403K, committed 98496K, reserved 557056K
  class space    used 13607K, committed 14080K, reserved 425984K
}
Event: 47.725 GC heap before
{Heap before GC invocations=45 (full 0):
 garbage-first heap   total 275456K, used 217088K [0x0000000080000000, 0x0000000100000000)
  region size 1024K, 75 young (76800K), 7 survivors (7168K)
 Metaspace       used 99805K, committed 100928K, reserved 557056K
  class space    used 13887K, committed 14400K, reserved 425984K
}
Event: 47.754 GC heap after
{Heap after GC invocations=46 (full 0):
 garbage-first heap   total 275456K, used 155322K [0x0000000080000000, 0x0000000100000000)
  region size 1024K, 9 young (9216K), 9 survivors (9216K)
 Metaspace       used 99805K, committed 100928K, reserved 557056K
  class space    used 13887K, committed 14400K, reserved 425984K
}
Event: 49.181 GC heap before
{Heap before GC invocations=46 (full 0):
 garbage-first heap   total 275456K, used 219834K [0x0000000080000000, 0x0000000100000000)
  region size 1024K, 72 young (73728K), 9 survivors (9216K)
 Metaspace       used 100299K, committed 101376K, reserved 557056K
  class space    used 13924K, committed 14400K, reserved 425984K
}
Event: 49.215 GC heap after
{Heap after GC invocations=47 (full 0):
 garbage-first heap   total 275456K, used 162124K [0x0000000080000000, 0x0000000100000000)
  region size 1024K, 7 young (7168K), 7 survivors (7168K)
 Metaspace       used 100299K, committed 101376K, reserved 557056K
  class space    used 13924K, committed 14400K, reserved 425984K
}
Event: 50.666 GC heap before
{Heap before GC invocations=47 (full 0):
 garbage-first heap   total 275456K, used 226636K [0x0000000080000000, 0x0000000100000000)
  region size 1024K, 66 young (67584K), 7 survivors (7168K)
 Metaspace       used 102893K, committed 104128K, reserved 557056K
  class space    used 14173K, committed 14720K, reserved 425984K
}
Event: 50.697 GC heap after
{Heap after GC invocations=48 (full 0):
 garbage-first heap   total 275456K, used 169639K [0x0000000080000000, 0x0000000100000000)
  region size 1024K, 8 young (8192K), 8 survivors (8192K)
 Metaspace       used 102893K, committed 104128K, reserved 557056K
  class space    used 14173K, committed 14720K, reserved 425984K
}
Event: 52.459 GC heap before
{Heap before GC invocations=48 (full 0):
 garbage-first heap   total 275456K, used 223911K [0x0000000080000000, 0x0000000100000000)
  region size 1024K, 62 young (63488K), 8 survivors (8192K)
 Metaspace       used 103339K, committed 104512K, reserved 557056K
  class space    used 14176K, committed 14720K, reserved 425984K
}
Event: 52.478 GC heap after
{Heap after GC invocations=49 (full 0):
 garbage-first heap   total 275456K, used 172366K [0x0000000080000000, 0x0000000100000000)
  region size 1024K, 3 young (3072K), 3 survivors (3072K)
 Metaspace       used 103339K, committed 104512K, reserved 557056K
  class space    used 14176K, committed 14720K, reserved 425984K
}
Event: 54.401 GC heap before
{Heap before GC invocations=49 (full 0):
 garbage-first heap   total 275456K, used 227662K [0x0000000080000000, 0x0000000100000000)
  region size 1024K, 58 young (59392K), 3 survivors (3072K)
 Metaspace       used 103845K, committed 105024K, reserved 557056K
  class space    used 14274K, committed 14784K, reserved 425984K
}
Event: 54.418 GC heap after
{Heap after GC invocations=50 (full 0):
 garbage-first heap   total 275456K, used 176628K [0x0000000080000000, 0x0000000100000000)
  region size 1024K, 8 young (8192K), 8 survivors (8192K)
 Metaspace       used 103845K, committed 105024K, reserved 557056K
  class space    used 14274K, committed 14784K, reserved 425984K
}

