# JRE version: OpenJDK Runtime Environment Microsoft-8035246 (17.0.8+7) (build 17.0.8+7-LTS)
# Java VM: OpenJDK 64-Bit Server VM Microsoft-8035246 (17.0.8+7-LTS, mixed mode, sharing, tiered, compressed oops, compressed class ptrs, g1 gc, windows-amd64)
GC Precious Log:
 CPUs: 4 total, 4 available
 Memory: 8089M
 Large Page Support: Disabled
 NUMA Support: Disabled
 Compressed Oops: Enabled (32-bit)
 Heap Region Size: 1M
 Heap Min Capacity: 8M
 Heap Initial Capacity: 128M
 Heap Max Capacity: 2G
 Pre-touch: Disabled
 Parallel Workers: 4
 Concurrent Workers: 1
 Concurrent Refinement Workers: 4
 Periodic GC: Disabled
Heap:
 garbage-first heap   total 382976K, used 269737K [0x0000000080000000, 0x0000000100000000)
  region size 1024K, 87 young (89088K), 10 survivors (10240K)
 Metaspace       used 109217K, committed 110464K, reserved 557056K
  class space    used 14958K, committed 15552K, reserved 425984K
GC Heap History (20 events):
Event: 32.112 GC heap before
{Heap before GC invocations=36 (full 0):
 garbage-first heap   total 181248K, used 96350K [0x0000000080000000, 0x0000000100000000)
  region size 1024K, 8 young (8192K), 7 survivors (7168K)
 Metaspace       used 84100K, committed 84864K, reserved 557056K
  class space    used 11583K, committed 11968K, reserved 425984K
}
Event: 32.123 GC heap after
{Heap after GC invocations=37 (full 0):
 garbage-first heap   total 181248K, used 96068K [0x0000000080000000, 0x0000000100000000)
  region size 1024K, 1 young (1024K), 1 survivors (1024K)
 Metaspace       used 84100K, committed 84864K, reserved 557056K
  class space    used 11583K, committed 11968K, reserved 425984K
}
Event: 32.729 GC heap before
{Heap before GC invocations=37 (full 0):
 garbage-first heap   total 181248K, used 130884K [0x0000000080000000, 0x0000000100000000)
  region size 1024K, 36 young (36864K), 1 survivors (1024K)
 Metaspace       used 86524K, committed 87360K, reserved 557056K
  class space    used 11917K, committed 12288K, reserved 425984K
}
Event: 32.732 GC heap after
{Heap after GC invocations=38 (full 0):
 garbage-first heap   total 181248K, used 96532K [0x0000000080000000, 0x0000000100000000)
  region size 1024K, 2 young (2048K), 2 survivors (2048K)
 Metaspace       used 86524K, committed 87360K, reserved 557056K
  class space    used 11917K, committed 12288K, reserved 425984K
}
Event: 33.703 GC heap before
{Heap before GC invocations=39 (full 0):
 garbage-first heap   total 183296K, used 149780K [0x0000000080000000, 0x0000000100000000)
  region size 1024K, 53 young (54272K), 2 survivors (2048K)
 Metaspace       used 90100K, committed 90880K, reserved 557056K
  class space    used 12570K, committed 12928K, reserved 425984K
}
Event: 33.712 GC heap after
{Heap after GC invocations=40 (full 0):
 garbage-first heap   total 183296K, used 97744K [0x0000000080000000, 0x0000000100000000)
  region size 1024K, 3 young (3072K), 3 survivors (3072K)
 Metaspace       used 90100K, committed 90880K, reserved 557056K
  class space    used 12570K, committed 12928K, reserved 425984K
}
Event: 33.808 GC heap before
{Heap before GC invocations=40 (full 0):
 garbage-first heap   total 183296K, used 102864K [0x0000000080000000, 0x0000000100000000)
  region size 1024K, 8 young (8192K), 3 survivors (3072K)
 Metaspace       used 90432K, committed 91200K, reserved 557056K
  class space    used 12611K, committed 12992K, reserved 425984K
}
Event: 33.819 GC heap after
{Heap after GC invocations=41 (full 0):
 garbage-first heap   total 183296K, used 97553K [0x0000000080000000, 0x0000000100000000)
  region size 1024K, 1 young (1024K), 1 survivors (1024K)
 Metaspace       used 90432K, committed 91200K, reserved 557056K
  class space    used 12611K, committed 12992K, reserved 425984K
}
Event: 35.265 GC heap before
{Heap before GC invocations=41 (full 0):
 garbage-first heap   total 183296K, used 151825K [0x0000000080000000, 0x0000000100000000)
  region size 1024K, 54 young (55296K), 1 survivors (1024K)
 Metaspace       used 93226K, committed 94144K, reserved 557056K
  class space    used 13014K, committed 13440K, reserved 425984K
}
Event: 35.278 GC heap after
{Heap after GC invocations=42 (full 0):
 garbage-first heap   total 439296K, used 102834K [0x0000000080000000, 0x0000000100000000)
  region size 1024K, 6 young (6144K), 6 survivors (6144K)
 Metaspace       used 93226K, committed 94144K, reserved 557056K
  class space    used 13014K, committed 13440K, reserved 425984K
}
Event: 39.881 GC heap before
{Heap before GC invocations=43 (full 0):
 garbage-first heap   total 382976K, used 331186K [0x0000000080000000, 0x0000000100000000)
  region size 1024K, 224 young (229376K), 6 survivors (6144K)
 Metaspace       used 102767K, committed 103936K, reserved 557056K
  class space    used 14285K, committed 14848K, reserved 425984K
}
Event: 39.940 GC heap after
{Heap after GC invocations=44 (full 0):
 garbage-first heap   total 382976K, used 146141K [0x0000000080000000, 0x0000000100000000)
  region size 1024K, 28 young (28672K), 28 survivors (28672K)
 Metaspace       used 102767K, committed 103936K, reserved 557056K
  class space    used 14285K, committed 14848K, reserved 425984K
}
Event: 39.977 GC heap before
{Heap before GC invocations=44 (full 0):
 garbage-first heap   total 382976K, used 147165K [0x0000000080000000, 0x0000000100000000)
  region size 1024K, 29 young (29696K), 28 survivors (28672K)
 Metaspace       used 102805K, committed 104000K, reserved 557056K
  class space    used 14292K, committed 14848K, reserved 425984K
}
Event: 40.015 GC heap after
{Heap after GC invocations=45 (full 0):
 garbage-first heap   total 382976K, used 147910K [0x0000000080000000, 0x0000000100000000)
  region size 1024K, 2 young (2048K), 2 survivors (2048K)
 Metaspace       used 102805K, committed 104000K, reserved 557056K
  class space    used 14292K, committed 14848K, reserved 425984K
}
Event: 41.723 GC heap before
{Heap before GC invocations=45 (full 0):
 garbage-first heap   total 382976K, used 274886K [0x0000000080000000, 0x0000000100000000)
  region size 1024K, 126 young (129024K), 2 survivors (2048K)
 Metaspace       used 105321K, committed 106432K, reserved 557056K
  class space    used 14556K, committed 15104K, reserved 425984K
}
Event: 41.753 GC heap after
{Heap after GC invocations=46 (full 0):
 garbage-first heap   total 382976K, used 160100K [0x0000000080000000, 0x0000000100000000)
  region size 1024K, 14 young (14336K), 14 survivors (14336K)
 Metaspace       used 105321K, committed 106432K, reserved 557056K
  class space    used 14556K, committed 15104K, reserved 425984K
}
Event: 43.788 GC heap before
{Heap before GC invocations=46 (full 0):
 garbage-first heap   total 382976K, used 288100K [0x0000000080000000, 0x0000000100000000)
  region size 1024K, 135 young (138240K), 14 survivors (14336K)
 Metaspace       used 108438K, committed 109696K, reserved 557056K
  class space    used 14841K, committed 15424K, reserved 425984K
}
Event: 43.827 GC heap after
{Heap after GC invocations=47 (full 0):
 garbage-first heap   total 382976K, used 170971K [0x0000000080000000, 0x0000000100000000)
  region size 1024K, 11 young (11264K), 11 survivors (11264K)
 Metaspace       used 108438K, committed 109696K, reserved 557056K
  class space    used 14841K, committed 15424K, reserved 425984K
}
Event: 45.659 GC heap before
{Heap before GC invocations=47 (full 0):
 garbage-first heap   total 382976K, used 297947K [0x0000000080000000, 0x0000000100000000)
  region size 1024K, 132 young (135168K), 11 survivors (11264K)
 Metaspace       used 109057K, committed 110336K, reserved 557056K
  class space    used 14940K, committed 15552K, reserved 425984K
}
Event: 45.695 GC heap after
{Heap after GC invocations=48 (full 0):
 garbage-first heap   total 382976K, used 180649K [0x0000000080000000, 0x0000000100000000)
  region size 1024K, 10 young (10240K), 10 survivors (10240K)
 Metaspace       used 109057K, committed 110336K, reserved 557056K
  class space    used 14940K, committed 15552K, reserved 425984K
}

